        -:    0:Source:RcppExports.cpp
        -:    0:Graph:./RcppExports.gcno
        -:    0:Data:./RcppExports.gcda
        -:    0:Runs:142
        -:    1:// Generated by using Rcpp::compileAttributes() -> do not edit by hand
        -:    2:// Generator token: 10BE3573-1514-4C36-9D1C-5A225CD40393
        -:    3:
        -:    4:#include <RcppArmadillo.h>
        -:    5:#include <Rcpp.h>
        -:    6:
        -:    7:using namespace Rcpp;
        -:    8:
        -:    9:#ifdef RCPP_USE_GLOBAL_ROSTREAM
        -:   10:Rcpp::Rostream<true>&  Rcpp::Rcout = Rcpp::Rcpp_cout_get();
        -:   11:Rcpp::Rostream<false>& Rcpp::Rcerr = Rcpp::Rcpp_cerr_get();
        -:   12:#endif
        -:   13:
        -:   14:// entropy_cpp
        -:   15:double entropy_cpp(NumericVector p, double q, bool normalize, double log_base);
        6:   16:RcppExport SEXP _TSENAT_entropy_cpp(SEXP pSEXP, SEXP qSEXP, SEXP normalizeSEXP, SEXP log_baseSEXP) {
        6:   17:BEGIN_RCPP
        6:   18:    Rcpp::RObject rcpp_result_gen;
        6:   19:    Rcpp::traits::input_parameter< NumericVector >::type p(pSEXP);
        6:   20:    Rcpp::traits::input_parameter< double >::type q(qSEXP);
        6:   21:    Rcpp::traits::input_parameter< bool >::type normalize(normalizeSEXP);
        6:   22:    Rcpp::traits::input_parameter< double >::type log_base(log_baseSEXP);
        6:   23:    rcpp_result_gen = Rcpp::wrap(entropy_cpp(p, q, normalize, log_base));
        6:   24:    return rcpp_result_gen;
        6:   25:END_RCPP
        -:   26:}
        -:   27:// hill_number_cpp
        -:   28:double hill_number_cpp(NumericVector p, double q, double log_base);
    #####:   29:RcppExport SEXP _TSENAT_hill_number_cpp(SEXP pSEXP, SEXP qSEXP, SEXP log_baseSEXP) {
    #####:   30:BEGIN_RCPP
    #####:   31:    Rcpp::RObject rcpp_result_gen;
    #####:   32:    Rcpp::traits::input_parameter< NumericVector >::type p(pSEXP);
    #####:   33:    Rcpp::traits::input_parameter< double >::type q(qSEXP);
    #####:   34:    Rcpp::traits::input_parameter< double >::type log_base(log_baseSEXP);
    #####:   35:    rcpp_result_gen = Rcpp::wrap(hill_number_cpp(p, q, log_base));
    #####:   36:    return rcpp_result_gen;
    #####:   37:END_RCPP
        -:   38:}
        -:   39:// jackknife_resampling_cpp
        -:   40:List jackknife_resampling_cpp(NumericMatrix counts, double q, bool normalize, double log_base, double pseudocount);
      195:   41:RcppExport SEXP _TSENAT_jackknife_resampling_cpp(SEXP countsSEXP, SEXP qSEXP, SEXP normalizeSEXP, SEXP log_baseSEXP, SEXP pseudocountSEXP) {
      195:   42:BEGIN_RCPP
      195:   43:    Rcpp::RObject rcpp_result_gen;
      195:   44:    Rcpp::RNGScope rcpp_rngScope_gen;
      195:   45:    Rcpp::traits::input_parameter< NumericMatrix >::type counts(countsSEXP);
      195:   46:    Rcpp::traits::input_parameter< double >::type q(qSEXP);
      195:   47:    Rcpp::traits::input_parameter< bool >::type normalize(normalizeSEXP);
      195:   48:    Rcpp::traits::input_parameter< double >::type log_base(log_baseSEXP);
      195:   49:    Rcpp::traits::input_parameter< double >::type pseudocount(pseudocountSEXP);
      195:   50:    rcpp_result_gen = Rcpp::wrap(jackknife_resampling_cpp(counts, q, normalize, log_base, pseudocount));
      195:   51:    return rcpp_result_gen;
      195:   52:END_RCPP
        -:   53:}
        -:   54:// bootstrap_compute_cpp
        -:   55:NumericVector bootstrap_compute_cpp(NumericVector x, int nboot, double q, bool normalize, double log_base, double pseudocount);
    19006:   56:RcppExport SEXP _TSENAT_bootstrap_compute_cpp(SEXP xSEXP, SEXP nbootSEXP, SEXP qSEXP, SEXP normalizeSEXP, SEXP log_baseSEXP, SEXP pseudocountSEXP) {
    19006:   57:BEGIN_RCPP
    19006:   58:    Rcpp::RObject rcpp_result_gen;
    19006:   59:    Rcpp::RNGScope rcpp_rngScope_gen;
    19006:   60:    Rcpp::traits::input_parameter< NumericVector >::type x(xSEXP);
    19006:   61:    Rcpp::traits::input_parameter< int >::type nboot(nbootSEXP);
    19006:   62:    Rcpp::traits::input_parameter< double >::type q(qSEXP);
    19006:   63:    Rcpp::traits::input_parameter< bool >::type normalize(normalizeSEXP);
    19006:   64:    Rcpp::traits::input_parameter< double >::type log_base(log_baseSEXP);
    19006:   65:    Rcpp::traits::input_parameter< double >::type pseudocount(pseudocountSEXP);
    19012:   66:    rcpp_result_gen = Rcpp::wrap(bootstrap_compute_cpp(x, nboot, q, normalize, log_base, pseudocount));
    19000:   67:    return rcpp_result_gen;
    19018:   68:END_RCPP
        -:   69:}
        -:   70:// bootstrap_entropy_vec_cpp
        -:   71:NumericVector bootstrap_entropy_vec_cpp(NumericMatrix boot_samples, double q, bool normalize, double log_base);
    #####:   72:RcppExport SEXP _TSENAT_bootstrap_entropy_vec_cpp(SEXP boot_samplesSEXP, SEXP qSEXP, SEXP normalizeSEXP, SEXP log_baseSEXP) {
    #####:   73:BEGIN_RCPP
    #####:   74:    Rcpp::RObject rcpp_result_gen;
    #####:   75:    Rcpp::RNGScope rcpp_rngScope_gen;
    #####:   76:    Rcpp::traits::input_parameter< NumericMatrix >::type boot_samples(boot_samplesSEXP);
    #####:   77:    Rcpp::traits::input_parameter< double >::type q(qSEXP);
    #####:   78:    Rcpp::traits::input_parameter< bool >::type normalize(normalizeSEXP);
    #####:   79:    Rcpp::traits::input_parameter< double >::type log_base(log_baseSEXP);
    #####:   80:    rcpp_result_gen = Rcpp::wrap(bootstrap_entropy_vec_cpp(boot_samples, q, normalize, log_base));
    #####:   81:    return rcpp_result_gen;
    #####:   82:END_RCPP
        -:   83:}
        -:   84:// block_bootstrap_compute_cpp
        -:   85:NumericVector block_bootstrap_compute_cpp(NumericVector x, int nboot, double q, bool normalize, double log_base, double pseudocount);
      418:   86:RcppExport SEXP _TSENAT_block_bootstrap_compute_cpp(SEXP xSEXP, SEXP nbootSEXP, SEXP qSEXP, SEXP normalizeSEXP, SEXP log_baseSEXP, SEXP pseudocountSEXP) {
      418:   87:BEGIN_RCPP
      418:   88:    Rcpp::RObject rcpp_result_gen;
      418:   89:    Rcpp::RNGScope rcpp_rngScope_gen;
      418:   90:    Rcpp::traits::input_parameter< NumericVector >::type x(xSEXP);
      418:   91:    Rcpp::traits::input_parameter< int >::type nboot(nbootSEXP);
      418:   92:    Rcpp::traits::input_parameter< double >::type q(qSEXP);
      418:   93:    Rcpp::traits::input_parameter< bool >::type normalize(normalizeSEXP);
      418:   94:    Rcpp::traits::input_parameter< double >::type log_base(log_baseSEXP);
      418:   95:    Rcpp::traits::input_parameter< double >::type pseudocount(pseudocountSEXP);
      418:   96:    rcpp_result_gen = Rcpp::wrap(block_bootstrap_compute_cpp(x, nboot, q, normalize, log_base, pseudocount));
      418:   97:    return rcpp_result_gen;
      418:   98:END_RCPP
        -:   99:}
        -:  100:// check_rcpp_available
        -:  101:bool check_rcpp_available();
       18:  102:RcppExport SEXP _TSENAT_check_rcpp_available() {
       18:  103:BEGIN_RCPP
       18:  104:    Rcpp::RObject rcpp_result_gen;
       18:  105:    Rcpp::RNGScope rcpp_rngScope_gen;
       18:  106:    rcpp_result_gen = Rcpp::wrap(check_rcpp_available());
       18:  107:    return rcpp_result_gen;
       18:  108:END_RCPP
        -:  109:}
        -:  110:// jis_tsallis_entropy_cpp
        -:  111:NumericVector jis_tsallis_entropy_cpp(NumericMatrix counts, double q, bool normalize, double log_base, double pseudocount, int n_tx_fixed);
      530:  112:RcppExport SEXP _TSENAT_jis_tsallis_entropy_cpp(SEXP countsSEXP, SEXP qSEXP, SEXP normalizeSEXP, SEXP log_baseSEXP, SEXP pseudocountSEXP, SEXP n_tx_fixedSEXP) {
      530:  113:BEGIN_RCPP
      530:  114:    Rcpp::RObject rcpp_result_gen;
      530:  115:    Rcpp::RNGScope rcpp_rngScope_gen;
      530:  116:    Rcpp::traits::input_parameter< NumericMatrix >::type counts(countsSEXP);
      530:  117:    Rcpp::traits::input_parameter< double >::type q(qSEXP);
      530:  118:    Rcpp::traits::input_parameter< bool >::type normalize(normalizeSEXP);
      530:  119:    Rcpp::traits::input_parameter< double >::type log_base(log_baseSEXP);
      530:  120:    Rcpp::traits::input_parameter< double >::type pseudocount(pseudocountSEXP);
      530:  121:    Rcpp::traits::input_parameter< int >::type n_tx_fixed(n_tx_fixedSEXP);
      530:  122:    rcpp_result_gen = Rcpp::wrap(jis_tsallis_entropy_cpp(counts, q, normalize, log_base, pseudocount, n_tx_fixed));
      530:  123:    return rcpp_result_gen;
      530:  124:END_RCPP
        -:  125:}
        -:  126:// jis_jackknife_influences_cpp
        -:  127:NumericVector jis_jackknife_influences_cpp(NumericMatrix counts, double q, bool normalize, double log_base, double pseudocount, int n_tx_fixed);
    31807:  128:RcppExport SEXP _TSENAT_jis_jackknife_influences_cpp(SEXP countsSEXP, SEXP qSEXP, SEXP normalizeSEXP, SEXP log_baseSEXP, SEXP pseudocountSEXP, SEXP n_tx_fixedSEXP) {
    31807:  129:BEGIN_RCPP
    31807:  130:    Rcpp::RObject rcpp_result_gen;
    31807:  131:    Rcpp::RNGScope rcpp_rngScope_gen;
    31807:  132:    Rcpp::traits::input_parameter< NumericMatrix >::type counts(countsSEXP);
    31807:  133:    Rcpp::traits::input_parameter< double >::type q(qSEXP);
    31807:  134:    Rcpp::traits::input_parameter< bool >::type normalize(normalizeSEXP);
    31807:  135:    Rcpp::traits::input_parameter< double >::type log_base(log_baseSEXP);
    31807:  136:    Rcpp::traits::input_parameter< double >::type pseudocount(pseudocountSEXP);
    31807:  137:    Rcpp::traits::input_parameter< int >::type n_tx_fixed(n_tx_fixedSEXP);
    31807:  138:    rcpp_result_gen = Rcpp::wrap(jis_jackknife_influences_cpp(counts, q, normalize, log_base, pseudocount, n_tx_fixed));
    31807:  139:    return rcpp_result_gen;
    31807:  140:END_RCPP
        -:  141:}
        -:  142:// jis_bootstrap_delta_cpp
        -:  143:List jis_bootstrap_delta_cpp(NumericMatrix counts_A, NumericMatrix counts_B, NumericVector delta_influence, double q, bool normalize, double log_base, double pseudocount, int n_bootstrap, double confidence, String method, int n_transcripts_fixed);
     8057:  144:RcppExport SEXP _TSENAT_jis_bootstrap_delta_cpp(SEXP counts_ASEXP, SEXP counts_BSEXP, SEXP delta_influenceSEXP, SEXP qSEXP, SEXP normalizeSEXP, SEXP log_baseSEXP, SEXP pseudocountSEXP, SEXP n_bootstrapSEXP, SEXP confidenceSEXP, SEXP methodSEXP, SEXP n_transcripts_fixedSEXP) {
     8057:  145:BEGIN_RCPP
     8057:  146:    Rcpp::RObject rcpp_result_gen;
     8057:  147:    Rcpp::RNGScope rcpp_rngScope_gen;
     8057:  148:    Rcpp::traits::input_parameter< NumericMatrix >::type counts_A(counts_ASEXP);
     8057:  149:    Rcpp::traits::input_parameter< NumericMatrix >::type counts_B(counts_BSEXP);
     8057:  150:    Rcpp::traits::input_parameter< NumericVector >::type delta_influence(delta_influenceSEXP);
     8057:  151:    Rcpp::traits::input_parameter< double >::type q(qSEXP);
     8057:  152:    Rcpp::traits::input_parameter< bool >::type normalize(normalizeSEXP);
     8057:  153:    Rcpp::traits::input_parameter< double >::type log_base(log_baseSEXP);
     8057:  154:    Rcpp::traits::input_parameter< double >::type pseudocount(pseudocountSEXP);
     8057:  155:    Rcpp::traits::input_parameter< int >::type n_bootstrap(n_bootstrapSEXP);
     8057:  156:    Rcpp::traits::input_parameter< double >::type confidence(confidenceSEXP);
     8057:  157:    Rcpp::traits::input_parameter< String >::type method(methodSEXP);
     8057:  158:    Rcpp::traits::input_parameter< int >::type n_transcripts_fixed(n_transcripts_fixedSEXP);
     8057:  159:    rcpp_result_gen = Rcpp::wrap(jis_bootstrap_delta_cpp(counts_A, counts_B, delta_influence, q, normalize, log_base, pseudocount, n_bootstrap, confidence, method, n_transcripts_fixed));
     8057:  160:    return rcpp_result_gen;
     8057:  161:END_RCPP
        -:  162:}
        -:  163:// tsallis_divergence_cpp
        -:  164:double tsallis_divergence_cpp(NumericVector p, NumericVector r, double q, double log_base);
    #####:  165:RcppExport SEXP _TSENAT_tsallis_divergence_cpp(SEXP pSEXP, SEXP rSEXP, SEXP qSEXP, SEXP log_baseSEXP) {
    #####:  166:BEGIN_RCPP
    #####:  167:    Rcpp::RObject rcpp_result_gen;
    #####:  168:    Rcpp::traits::input_parameter< NumericVector >::type p(pSEXP);
    #####:  169:    Rcpp::traits::input_parameter< NumericVector >::type r(rSEXP);
    #####:  170:    Rcpp::traits::input_parameter< double >::type q(qSEXP);
    #####:  171:    Rcpp::traits::input_parameter< double >::type log_base(log_baseSEXP);
    #####:  172:    rcpp_result_gen = Rcpp::wrap(tsallis_divergence_cpp(p, r, q, log_base));
    #####:  173:    return rcpp_result_gen;
    #####:  174:END_RCPP
        -:  175:}
        -:  176:// divergence_bootstrap_compute_cpp
        -:  177:NumericVector divergence_bootstrap_compute_cpp(NumericVector x, NumericVector y, int nboot, double q, bool paired, double pseudocount, double log_base);
     1348:  178:RcppExport SEXP _TSENAT_divergence_bootstrap_compute_cpp(SEXP xSEXP, SEXP ySEXP, SEXP nbootSEXP, SEXP qSEXP, SEXP pairedSEXP, SEXP pseudocountSEXP, SEXP log_baseSEXP) {
     1348:  179:BEGIN_RCPP
     1348:  180:    Rcpp::RObject rcpp_result_gen;
     1348:  181:    Rcpp::RNGScope rcpp_rngScope_gen;
     1348:  182:    Rcpp::traits::input_parameter< NumericVector >::type x(xSEXP);
     1348:  183:    Rcpp::traits::input_parameter< NumericVector >::type y(ySEXP);
     1348:  184:    Rcpp::traits::input_parameter< int >::type nboot(nbootSEXP);
     1348:  185:    Rcpp::traits::input_parameter< double >::type q(qSEXP);
     1348:  186:    Rcpp::traits::input_parameter< bool >::type paired(pairedSEXP);
     1348:  187:    Rcpp::traits::input_parameter< double >::type pseudocount(pseudocountSEXP);
     1348:  188:    Rcpp::traits::input_parameter< double >::type log_base(log_baseSEXP);
     1348:  189:    rcpp_result_gen = Rcpp::wrap(divergence_bootstrap_compute_cpp(x, y, nboot, q, paired, pseudocount, log_base));
     1348:  190:    return rcpp_result_gen;
     1348:  191:END_RCPP
        -:  192:}
        -:  193:// divergence_bootstrap_paired_cpp
        -:  194:NumericVector divergence_bootstrap_paired_cpp(NumericVector x, NumericVector y, IntegerVector pair_ids, int nboot, double q, double pseudocount, double log_base);
       36:  195:RcppExport SEXP _TSENAT_divergence_bootstrap_paired_cpp(SEXP xSEXP, SEXP ySEXP, SEXP pair_idsSEXP, SEXP nbootSEXP, SEXP qSEXP, SEXP pseudocountSEXP, SEXP log_baseSEXP) {
       36:  196:BEGIN_RCPP
       36:  197:    Rcpp::RObject rcpp_result_gen;
       36:  198:    Rcpp::RNGScope rcpp_rngScope_gen;
       36:  199:    Rcpp::traits::input_parameter< NumericVector >::type x(xSEXP);
       36:  200:    Rcpp::traits::input_parameter< NumericVector >::type y(ySEXP);
       36:  201:    Rcpp::traits::input_parameter< IntegerVector >::type pair_ids(pair_idsSEXP);
       36:  202:    Rcpp::traits::input_parameter< int >::type nboot(nbootSEXP);
       36:  203:    Rcpp::traits::input_parameter< double >::type q(qSEXP);
       36:  204:    Rcpp::traits::input_parameter< double >::type pseudocount(pseudocountSEXP);
       36:  205:    Rcpp::traits::input_parameter< double >::type log_base(log_baseSEXP);
       36:  206:    rcpp_result_gen = Rcpp::wrap(divergence_bootstrap_paired_cpp(x, y, pair_ids, nboot, q, pseudocount, log_base));
       36:  207:    return rcpp_result_gen;
       36:  208:END_RCPP
        -:  209:}
        -:  210:// divergence_bootstrap_flexible_cpp
        -:  211:NumericVector divergence_bootstrap_flexible_cpp(NumericVector x, NumericVector y, IntegerVector x_pair_ids, IntegerVector y_pair_ids, int nboot, double q, double pseudocount, double log_base);
     1890:  212:RcppExport SEXP _TSENAT_divergence_bootstrap_flexible_cpp(SEXP xSEXP, SEXP ySEXP, SEXP x_pair_idsSEXP, SEXP y_pair_idsSEXP, SEXP nbootSEXP, SEXP qSEXP, SEXP pseudocountSEXP, SEXP log_baseSEXP) {
     1890:  213:BEGIN_RCPP
     1890:  214:    Rcpp::RObject rcpp_result_gen;
     1890:  215:    Rcpp::traits::input_parameter< NumericVector >::type x(xSEXP);
     1890:  216:    Rcpp::traits::input_parameter< NumericVector >::type y(ySEXP);
     1890:  217:    Rcpp::traits::input_parameter< IntegerVector >::type x_pair_ids(x_pair_idsSEXP);
     1890:  218:    Rcpp::traits::input_parameter< IntegerVector >::type y_pair_ids(y_pair_idsSEXP);
     1890:  219:    Rcpp::traits::input_parameter< int >::type nboot(nbootSEXP);
     1890:  220:    Rcpp::traits::input_parameter< double >::type q(qSEXP);
     1890:  221:    Rcpp::traits::input_parameter< double >::type pseudocount(pseudocountSEXP);
     1890:  222:    Rcpp::traits::input_parameter< double >::type log_base(log_baseSEXP);
     1890:  223:    rcpp_result_gen = Rcpp::wrap(divergence_bootstrap_flexible_cpp(x, y, x_pair_ids, y_pair_ids, nboot, q, pseudocount, log_base));
     1890:  224:    return rcpp_result_gen;
     1890:  225:END_RCPP
        -:  226:}
        -:  227:
        -:  228:static const R_CallMethodDef CallEntries[] = {
        -:  229:    {"_TSENAT_entropy_cpp", (DL_FUNC) &_TSENAT_entropy_cpp, 4},
        -:  230:    {"_TSENAT_hill_number_cpp", (DL_FUNC) &_TSENAT_hill_number_cpp, 3},
        -:  231:    {"_TSENAT_jackknife_resampling_cpp", (DL_FUNC) &_TSENAT_jackknife_resampling_cpp, 5},
        -:  232:    {"_TSENAT_bootstrap_compute_cpp", (DL_FUNC) &_TSENAT_bootstrap_compute_cpp, 6},
        -:  233:    {"_TSENAT_bootstrap_entropy_vec_cpp", (DL_FUNC) &_TSENAT_bootstrap_entropy_vec_cpp, 4},
        -:  234:    {"_TSENAT_block_bootstrap_compute_cpp", (DL_FUNC) &_TSENAT_block_bootstrap_compute_cpp, 6},
        -:  235:    {"_TSENAT_check_rcpp_available", (DL_FUNC) &_TSENAT_check_rcpp_available, 0},
        -:  236:    {"_TSENAT_jis_tsallis_entropy_cpp", (DL_FUNC) &_TSENAT_jis_tsallis_entropy_cpp, 6},
        -:  237:    {"_TSENAT_jis_jackknife_influences_cpp", (DL_FUNC) &_TSENAT_jis_jackknife_influences_cpp, 6},
        -:  238:    {"_TSENAT_jis_bootstrap_delta_cpp", (DL_FUNC) &_TSENAT_jis_bootstrap_delta_cpp, 11},
        -:  239:    {"_TSENAT_tsallis_divergence_cpp", (DL_FUNC) &_TSENAT_tsallis_divergence_cpp, 4},
        -:  240:    {"_TSENAT_divergence_bootstrap_compute_cpp", (DL_FUNC) &_TSENAT_divergence_bootstrap_compute_cpp, 7},
        -:  241:    {"_TSENAT_divergence_bootstrap_paired_cpp", (DL_FUNC) &_TSENAT_divergence_bootstrap_paired_cpp, 7},
        -:  242:    {"_TSENAT_divergence_bootstrap_flexible_cpp", (DL_FUNC) &_TSENAT_divergence_bootstrap_flexible_cpp, 8},
        -:  243:    {NULL, NULL, 0}
        -:  244:};
        -:  245:
      142:  246:RcppExport void R_init_TSENAT(DllInfo *dll) {
      142:  247:    R_registerRoutines(dll, NULL, CallEntries, NULL, NULL);
      142:  248:    R_useDynamicSymbols(dll, FALSE);
      142:  249:}
