<?xml version="1.0" encoding="UTF-8"?>
<!DOCTYPE coverage SYSTEM "https://raw.githubusercontent.com/cobertura/cobertura/master/cobertura/src/site/htdocs/xml/coverage-04.dtd">
<coverage line-rate="0.0000000000000000" branch-rate="0" lines-covered="0" lines-valid="100" branches-covered="0" branches-valid="0" complexity="0" version="1.0" timestamp="2026-04-14 03:06:44">
  <sources>
    <source>/home/nouser/galaxy/tools_source/TSENAT</source>
  </sources>
  <packages>
    <package name="TSENAT" line-rate="0.0000000000000000" branch-rate="0" complexity="0">
      <classes/>
    </package>
  </packages>
</coverage>
